<?xml version="1.0" encoding="UTF-8"?>
<!-- Generated by org.testng.reporters.JUnitReportReporter -->
<testsuite ignored="0" hostname="iMac-de-Ricardo.local" failures="0" tests="1" name="test.TestSel" time="7.224" errors="0" timestamp="26 mar. 2022 16:55:55 GMT" skipped="0">
  <testcase classname="test.TestSel" name="f" time="7.224"/>
</testsuite> <!-- test.TestSel -->
